android-tv-app/app/build/intermediates/manifest_merge_blame_file/release/processReleaseMainManifest/manifest-merger-blame-release-report.txt
1<?xml version="1.0" encoding="utf-8"?>
2<manifest xmlns:android="http://schemas.android.com/apk/res/android"
3    package="com.vugaenterprises.androidtv"
4    android:versionCode="1"
5    android:versionName="1.0" >
6
7    <uses-sdk
8        android:minSdkVersion="21"
9        android:targetSdkVersion="34" />
10
11    <!-- Internet permissions -->
12    <uses-permission android:name="android.permission.INTERNET" />
12-->src/main/AndroidManifest.xml:6:5-67
12-->src/main/AndroidManifest.xml:6:22-64
13    <uses-permission android:name="android.permission.ACCESS_NETWORK_STATE" />
13-->src/main/AndroidManifest.xml:7:5-79
13-->src/main/AndroidManifest.xml:7:22-76
14
15    <!-- TV-specific permissions -->
16    <uses-permission android:name="android.permission.WAKE_LOCK" />
16-->src/main/AndroidManifest.xml:10:5-68
16-->src/main/AndroidManifest.xml:10:22-65
17    <uses-permission android:name="android.permission.FOREGROUND_SERVICE" />
17-->src/main/AndroidManifest.xml:11:5-77
17-->src/main/AndroidManifest.xml:11:22-74
18    <uses-permission android:name="android.permission.FOREGROUND_SERVICE_MEDIA_PLAYBACK" />
18-->src/main/AndroidManifest.xml:12:5-92
18-->src/main/AndroidManifest.xml:12:22-89
19
20    <!-- TV hardware features -->
21    <uses-feature
21-->src/main/AndroidManifest.xml:15:5-17:36
22        android:name="android.hardware.touchscreen"
22-->src/main/AndroidManifest.xml:16:9-52
23        android:required="false" />
23-->src/main/AndroidManifest.xml:17:9-33
24    <uses-feature
24-->src/main/AndroidManifest.xml:18:5-20:35
25        android:name="android.software.leanback"
25-->src/main/AndroidManifest.xml:19:9-49
26        android:required="true" />
26-->src/main/AndroidManifest.xml:20:9-32
27
28    <permission
28-->[androidx.core:core:1.12.0] AndroidManifest.xml:22:5-24:47
29        android:name="com.vugaenterprises.androidtv.DYNAMIC_RECEIVER_NOT_EXPORTED_PERMISSION"
29-->[androidx.core:core:1.12.0] AndroidManifest.xml:23:9-81
30        android:protectionLevel="signature" />
30-->[androidx.core:core:1.12.0] AndroidManifest.xml:24:9-44
31
32    <uses-permission android:name="com.vugaenterprises.androidtv.DYNAMIC_RECEIVER_NOT_EXPORTED_PERMISSION" />
32-->[androidx.core:core:1.12.0] AndroidManifest.xml:26:5-97
32-->[androidx.core:core:1.12.0] AndroidManifest.xml:26:22-94
33
34    <application
34-->src/main/AndroidManifest.xml:22:5-74:19
35        android:name="com.vugaenterprises.androidtv.StreamingApplication"
35-->src/main/AndroidManifest.xml:23:9-45
36        android:allowBackup="true"
36-->src/main/AndroidManifest.xml:24:9-35
37        android:appComponentFactory="androidx.core.app.CoreComponentFactory"
37-->[androidx.core:core:1.12.0] AndroidManifest.xml:28:18-86
38        android:banner="@drawable/app_banner"
38-->src/main/AndroidManifest.xml:31:9-46
39        android:dataExtractionRules="@xml/data_extraction_rules"
39-->src/main/AndroidManifest.xml:25:9-65
40        android:extractNativeLibs="true"
41        android:fullBackupContent="@xml/backup_rules"
41-->src/main/AndroidManifest.xml:26:9-54
42        android:icon="@mipmap/ic_launcher"
42-->src/main/AndroidManifest.xml:27:9-43
43        android:label="@string/app_name"
43-->src/main/AndroidManifest.xml:28:9-41
44        android:roundIcon="@mipmap/ic_launcher"
44-->src/main/AndroidManifest.xml:29:9-48
45        android:supportsRtl="true"
45-->src/main/AndroidManifest.xml:30:9-35
46        android:theme="@style/Theme.AndroidTVStreaming" >
46-->src/main/AndroidManifest.xml:32:9-56
47
48        <!-- Main Activity -->
49        <activity
49-->src/main/AndroidManifest.xml:36:9-53:20
50            android:name="com.vugaenterprises.androidtv.MainActivity"
50-->src/main/AndroidManifest.xml:37:13-41
51            android:exported="true"
51-->src/main/AndroidManifest.xml:38:13-36
52            android:label="@string/app_name"
52-->src/main/AndroidManifest.xml:39:13-45
53            android:launchMode="singleTop"
53-->src/main/AndroidManifest.xml:42:13-43
54            android:screenOrientation="landscape"
54-->src/main/AndroidManifest.xml:41:13-50
55            android:theme="@style/Theme.AndroidTVStreaming" >
55-->src/main/AndroidManifest.xml:40:13-60
56            <intent-filter>
56-->src/main/AndroidManifest.xml:44:13-47:29
57                <action android:name="android.intent.action.MAIN" />
57-->src/main/AndroidManifest.xml:45:17-69
57-->src/main/AndroidManifest.xml:45:25-66
58
59                <category android:name="android.intent.category.LEANBACK_LAUNCHER" />
59-->src/main/AndroidManifest.xml:46:17-86
59-->src/main/AndroidManifest.xml:46:27-83
60            </intent-filter>
61            <intent-filter>
61-->src/main/AndroidManifest.xml:49:13-52:29
62                <action android:name="android.intent.action.MAIN" />
62-->src/main/AndroidManifest.xml:45:17-69
62-->src/main/AndroidManifest.xml:45:25-66
63
64                <category android:name="android.intent.category.LAUNCHER" />
64-->src/main/AndroidManifest.xml:51:17-77
64-->src/main/AndroidManifest.xml:51:27-74
65            </intent-filter>
66        </activity>
67
68        <!-- Media Session Service -->
69        <service
69-->src/main/AndroidManifest.xml:56:9-63:19
70            android:name="com.vugaenterprises.androidtv.player.MediaSessionService"
70-->src/main/AndroidManifest.xml:57:13-55
71            android:exported="false"
71-->src/main/AndroidManifest.xml:58:13-37
72            android:foregroundServiceType="mediaPlayback" >
72-->src/main/AndroidManifest.xml:59:13-58
73            <intent-filter>
73-->src/main/AndroidManifest.xml:60:13-62:29
74                <action android:name="androidx.media3.session.MediaSessionService" />
74-->src/main/AndroidManifest.xml:61:17-86
74-->src/main/AndroidManifest.xml:61:25-83
75            </intent-filter>
76        </service>
77
78        <!-- Media Browser Service -->
79        <service
79-->src/main/AndroidManifest.xml:66:9-72:19
80            android:name="com.vugaenterprises.androidtv.player.MediaBrowserService"
80-->src/main/AndroidManifest.xml:67:13-55
81            android:exported="false" >
81-->src/main/AndroidManifest.xml:68:13-37
82            <intent-filter>
82-->src/main/AndroidManifest.xml:69:13-71:29
83                <action android:name="android.media.browse.MediaBrowserService" />
83-->src/main/AndroidManifest.xml:70:17-83
83-->src/main/AndroidManifest.xml:70:25-80
84            </intent-filter>
85        </service>
86
87        <provider
87-->[androidx.emoji2:emoji2:1.3.0] AndroidManifest.xml:24:9-32:20
88            android:name="androidx.startup.InitializationProvider"
88-->[androidx.emoji2:emoji2:1.3.0] AndroidManifest.xml:25:13-67
89            android:authorities="com.vugaenterprises.androidtv.androidx-startup"
89-->[androidx.emoji2:emoji2:1.3.0] AndroidManifest.xml:26:13-68
90            android:exported="false" >
90-->[androidx.emoji2:emoji2:1.3.0] AndroidManifest.xml:27:13-37
91            <meta-data
91-->[androidx.emoji2:emoji2:1.3.0] AndroidManifest.xml:29:13-31:52
92                android:name="androidx.emoji2.text.EmojiCompatInitializer"
92-->[androidx.emoji2:emoji2:1.3.0] AndroidManifest.xml:30:17-75
93                android:value="androidx.startup" />
93-->[androidx.emoji2:emoji2:1.3.0] AndroidManifest.xml:31:17-49
94            <meta-data
94-->[androidx.lifecycle:lifecycle-process:2.7.0] AndroidManifest.xml:29:13-31:52
95                android:name="androidx.lifecycle.ProcessLifecycleInitializer"
95-->[androidx.lifecycle:lifecycle-process:2.7.0] AndroidManifest.xml:30:17-78
96                android:value="androidx.startup" />
96-->[androidx.lifecycle:lifecycle-process:2.7.0] AndroidManifest.xml:31:17-49
97            <meta-data
97-->[androidx.profileinstaller:profileinstaller:1.3.1] AndroidManifest.xml:29:13-31:52
98                android:name="androidx.profileinstaller.ProfileInstallerInitializer"
98-->[androidx.profileinstaller:profileinstaller:1.3.1] AndroidManifest.xml:30:17-85
99                android:value="androidx.startup" />
99-->[androidx.profileinstaller:profileinstaller:1.3.1] AndroidManifest.xml:31:17-49
100        </provider>
101
102        <service
102-->[androidx.room:room-runtime:2.6.1] AndroidManifest.xml:24:9-28:63
103            android:name="androidx.room.MultiInstanceInvalidationService"
103-->[androidx.room:room-runtime:2.6.1] AndroidManifest.xml:25:13-74
104            android:directBootAware="true"
104-->[androidx.room:room-runtime:2.6.1] AndroidManifest.xml:26:13-43
105            android:exported="false" />
105-->[androidx.room:room-runtime:2.6.1] AndroidManifest.xml:27:13-37
106
107        <receiver
107-->[androidx.profileinstaller:profileinstaller:1.3.1] AndroidManifest.xml:34:9-52:20
108            android:name="androidx.profileinstaller.ProfileInstallReceiver"
108-->[androidx.profileinstaller:profileinstaller:1.3.1] AndroidManifest.xml:35:13-76
109            android:directBootAware="false"
109-->[androidx.profileinstaller:profileinstaller:1.3.1] AndroidManifest.xml:36:13-44
110            android:enabled="true"
110-->[androidx.profileinstaller:profileinstaller:1.3.1] AndroidManifest.xml:37:13-35
111            android:exported="true"
111-->[androidx.profileinstaller:profileinstaller:1.3.1] AndroidManifest.xml:38:13-36
112            android:permission="android.permission.DUMP" >
112-->[androidx.profileinstaller:profileinstaller:1.3.1] AndroidManifest.xml:39:13-57
113            <intent-filter>
113-->[androidx.profileinstaller:profileinstaller:1.3.1] AndroidManifest.xml:40:13-42:29
114                <action android:name="androidx.profileinstaller.action.INSTALL_PROFILE" />
114-->[androidx.profileinstaller:profileinstaller:1.3.1] AndroidManifest.xml:41:17-91
114-->[androidx.profileinstaller:profileinstaller:1.3.1] AndroidManifest.xml:41:25-88
115            </intent-filter>
116            <intent-filter>
116-->[androidx.profileinstaller:profileinstaller:1.3.1] AndroidManifest.xml:43:13-45:29
117                <action android:name="androidx.profileinstaller.action.SKIP_FILE" />
117-->[androidx.profileinstaller:profileinstaller:1.3.1] AndroidManifest.xml:44:17-85
117-->[androidx.profileinstaller:profileinstaller:1.3.1] AndroidManifest.xml:44:25-82
118            </intent-filter>
119            <intent-filter>
119-->[androidx.profileinstaller:profileinstaller:1.3.1] AndroidManifest.xml:46:13-48:29
120                <action android:name="androidx.profileinstaller.action.SAVE_PROFILE" />
120-->[androidx.profileinstaller:profileinstaller:1.3.1] AndroidManifest.xml:47:17-88
120-->[androidx.profileinstaller:profileinstaller:1.3.1] AndroidManifest.xml:47:25-85
121            </intent-filter>
122            <intent-filter>
122-->[androidx.profileinstaller:profileinstaller:1.3.1] AndroidManifest.xml:49:13-51:29
123                <action android:name="androidx.profileinstaller.action.BENCHMARK_OPERATION" />
123-->[androidx.profileinstaller:profileinstaller:1.3.1] AndroidManifest.xml:50:17-95
123-->[androidx.profileinstaller:profileinstaller:1.3.1] AndroidManifest.xml:50:25-92
124            </intent-filter>
125        </receiver>
126    </application>
127
128</manifest>